<?xml version="1.0" encoding="UTF-8"?>
<testsuite name="ru.stqa.pft.addressbook.tests.ContactModificationTests" tests="1" skipped="0" failures="0" errors="0" timestamp="2019-04-11T09:20:05" hostname="home" time="8.881">
  <properties/>
  <testcase name="testContactModification" classname="ru.stqa.pft.addressbook.tests.ContactModificationTests" time="8.881"/>
  <system-out><![CDATA[12:20:05.491 [Test worker] INFO  r.s.pft.addressbook.tests.TestBase - Start test testContactModificationwith parameters[]
12:20:14.373 [Test worker] INFO  r.s.pft.addressbook.tests.TestBase - Stop test testContactModification
]]></system-out>
  <system-err><![CDATA[]]></system-err>
</testsuite>
